make -C ../RunRules/DFE maxfiles/Vectors.max
make[1]: Entering directory `/home/a1308699/projects/Assignment4/RunRules/DFE'

MaxCompiler Project Admin Tool Version 2015.2.00001
 Copyright Maxeler Technologies 2010 - 2015. All rights reserved.

Handler version 2
Updating RunRule dependent Makefiles for RunRule 'DFE'
	Updating: DFE
Found makefiles: 1
	Updated: DFE
make -f Makefile.rules maxfiles/Vectors.max
make[2]: Entering directory `/home/a1308699/projects/Assignment4/RunRules/DFE'
test -f maxfiles/Vectors.max || env  MAX_BUILDPARAMS=" DFEModel=VECTIS  target=DFE  maxFileName=Vectors MPPREndCT='4' "  ant -v -f Vectors.xml
Apache Ant version 1.7.1 compiled on August 24 2010
Buildfile: Vectors.xml
Detected Java version: 1.6 in: /usr/lib/jvm/java-1.6.0-openjdk-1.6.0.38.x86_64/jre
Detected OS: Linux
parsing buildfile /home/a1308699/projects/Assignment4/RunRules/DFE/Vectors.xml with URI = file:/home/a1308699/projects/Assignment4/RunRules/DFE/Vectors.xml
Project base dir set to: /home/a1308699/projects/Assignment4/EngineCode
[antlib:org.apache.tools.ant] Could not load definitions from resource org/apache/tools/ant/antlib.xml. It could not be found.
 [property] Loading Environment env.
Property "-*-command-variables-*-" has not been set
Property "env.MAXCOMPILERJCP" has not been set
Property "env.CLASSPATH" has not been set
Property "env.MAXCOMPILERNETDIR" has not been set
Property "EnvClassPath" has not been set
Property "maxcompilernetdirpath" has not been set
Build sequence for target(s) `all' is [build, run, runresult, all]
Complete build sequence is [build, run, runresult, all, help, clean, jar, ]

build:
Detected Java version: 1.6 in: /usr/lib/jvm/java-1.6.0-openjdk-1.6.0.38.x86_64/jre
Detected OS: Linux
      [ant] calling target(s) [default] in build file /home/a1308699/projects/Assignment4/RunRules/DFE/Vectors_Build.xml
parsing buildfile /home/a1308699/projects/Assignment4/RunRules/DFE/Vectors_Build.xml with URI = file:/home/a1308699/projects/Assignment4/RunRules/DFE/Vectors_Build.xml
Project base dir set to: /home/a1308699/projects/Assignment4/EngineCode
 [property] Loading Environment env.
Property "-*-command-variables-*-" has not been set
Property "env.MAXCOMPILERJCP" has not been set
Property "env.CLASSPATH" has not been set
Property "env.MAXCOMPILERNETDIR" has not been set
Property "EnvClassPath" has not been set
Property "maxcompilernetdirpath" has not been set
Property "finalclasspath" has not been set
      [ant] Entering /home/a1308699/projects/Assignment4/RunRules/DFE/Vectors_Build.xml...
Build sequence for target(s) `all' is [clean, build, all]
Complete build sequence is [clean, build, all, ]

clean:
   [delete] Deleting directory /home/a1308699/projects/Assignment4/RunRules/DFE/dist
   [delete] Deleting directory /home/a1308699/projects/Assignment4/RunRules/DFE/dist/bin/vectors
   [delete] Deleting directory /home/a1308699/projects/Assignment4/RunRules/DFE/dist/bin
   [delete] Deleting directory /home/a1308699/projects/Assignment4/RunRules/DFE/dist

build:
    [mkdir] Created dir: /home/a1308699/projects/Assignment4/RunRules/DFE/dist
    [mkdir] Created dir: /home/a1308699/projects/Assignment4/RunRules/DFE/dist/bin
     [copy] No sources found.
[maxjcompiler] 
[maxjcompiler] 
[maxjcompiler] Compiling to folder /home/a1308699/projects/Assignment4/RunRules/DFE/dist/bin
[maxjcompiler] 
[maxjcompiler] Compiling files and folders:
[maxjcompiler] /home/a1308699/projects/Assignment4/EngineCode/src
[maxjcompiler] 
[maxjcompiler] Compiler options:
[maxjcompiler] -noExit
[maxjcompiler] -classpath
[maxjcompiler] /opt/maxcompiler/lib/MaxCompiler.jar:/home/a1308699/projects/Assignment4/EngineCode/${EnvClassPath}
[maxjcompiler] -d
[maxjcompiler] /home/a1308699/projects/Assignment4/RunRules/DFE/dist/bin
[maxjcompiler] incorrect classpath: /home/a1308699/projects/Assignment4/EngineCode/${EnvClassPath}

all:
      [ant] Exiting /home/a1308699/projects/Assignment4/RunRules/DFE/Vectors_Build.xml.

run:
dropping /home/a1308699/projects/Assignment4/EngineCode/${EnvClassPath} from path as it doesn't exist
dropping /home/a1308699/projects/Assignment4/EngineCode/${EnvClassPath} from path as it doesn't exist
     [java] Executing '/usr/lib/jvm/java-1.6.0-openjdk-1.6.0.38.x86_64/jre/bin/java' with arguments:
     [java] '-Xmx2048m'
     [java] '-classpath'
     [java] '/home/a1308699/projects/Assignment4/RunRules/DFE/dist/bin:/opt/maxcompiler/lib/MaxCompiler.jar'
     [java] 'vectors.VectorsManager'
     [java] 
     [java] The ' characters around the executable and arguments are
     [java] not part of the command.
dropping /home/a1308699/projects/Assignment4/EngineCode/${EnvClassPath} from path as it doesn't exist
dropping /home/a1308699/projects/Assignment4/EngineCode/${EnvClassPath} from path as it doesn't exist
     [java] Setting environment variable: MAXSOURCEDIRS=src
     [java] Thu 17:44: MaxCompiler version: 2015.2
     [java] Thu 17:44: Build "Vectors" start time: Thu Jun 28 17:44:03 CEST 2018
     [java] Thu 17:44: Main build process running as user a1308699 on host localhost.localdomain
     [java] Thu 17:44: Build location: /home/a1308699/projects/Assignment4/RunRules/DFE/maxfiles/Vectors_VECTIS_DFE
     [java] Thu 17:44: Detailed build log available in "_build.log"
     [java] Thu 17:44: 
     [java] Thu 17:44: ENGINE BUILD PARAMETERS
     [java] Thu 17:44: 	        Build name: Vectors_VECTIS_DFE
     [java] Thu 17:44: 	          DFEModel: VECTIS            
     [java] Thu 17:44: 	       maxFileName: Vectors           
     [java] Thu 17:44: 	            target: DFE               
     [java] Thu 17:44: 	        enableMPCX: false             
     [java] Thu 17:44: 	       MPPRStartCT: 1                 
     [java] Thu 17:44: 	         MPPREndCT: 4                 
     [java] Thu 17:44: 	       MPPRThreads: 1                 
     [java] Thu 17:44: 	MPPRRetryThreshold: 0                 
     [java] Thu 17:44: Instantiating kernel "ForestFire"
     [java] Thu 17:44: 
     [java] Thu 17:44: Compiling kernel "ForestFire"
     [java] Thu 17:45: Generating input files (VHDL, netlists, MegaWizard/CoreGen)
     [java] Thu 18:02: Running back-end  build (12 phases)
     [java] Thu 18:02: (1/12) - Prepare MaxFile Data (GenerateMaxFileDataFile)
     [java] Thu 18:02: (2/12) - Synthesize DFE Modules (XST)
     [java] Thu 18:03: (3/12) - Link DFE Modules (NGCBuild)
     [java] Thu 18:03: (4/12) - Prepare for Resource Analysis (EDIF2MxruBuildPass)
     [java] Thu 18:03: (5/12) - Generate Preliminary Annotated Source Code (PreliminaryResourceAnnotationBuildPass)
     [java] Thu 18:03: (6/12) - Report Resource Usage (XilinxPreliminaryResourceSummary)
     [java] Thu 18:03: 
     [java] Thu 18:03: PRELIMINARY RESOURCE USAGE
     [java] Thu 18:03: Logic utilization:      10469 / 297600 (3.52%)
     [java] Thu 18:03:   LUTs:                  7157 / 297600 (2.40%)
     [java] Thu 18:03:   Primary FFs:           7862 / 297600 (2.64%)
     [java] Thu 18:03: Multipliers (25x18):        0 / 2016   (0.00%)
     [java] Thu 18:03:   DSP blocks:               0 / 2016   (0.00%)
     [java] Thu 18:03: Block memory (BRAM18):     30 / 2128   (1.41%)
     [java] Thu 18:03: 
     [java] Thu 18:03: About to start chip vendor Map/Place/Route toolflow. This will take some time.
     [java] Thu 18:03: For this compile, we estimate this process may take up to 30 minutes.
     [java] Thu 18:03: We recommend running in simulation to verify correctness before building a DFE configuration.
     [java] Thu 18:03: 
     [java] Thu 18:03: (7/12) - Prepare for Placement (NGDBuild)
     [java] Thu 18:04: (8/12) - Place and Route DFE (XilinxMPPR)
     [java] Thu 18:04: Executing MPPR with 4 cost tables and 1 thread.
     [java] Thu 18:04: MPPR: Starting 4 cost tables
     [java] Thu 18:18: MPPR: Cost table 1 met timing with score 0 (best score 0)
     [java] Thu 18:18: (9/12) - Prepare for Resource Analysis (XDLBuild)
     [java] Thu 18:19: (10/12) - Generate Resource Report (XilinxResourceUsageBuildPass)
     [java] Thu 18:19: (11/12) - Generate Annotated Source Code (XilinxResourceAnnotationBuildPass)
     [java] Thu 18:19: (12/12) - Generate MaxFile (GenerateMaxFileXilinx)
     [java] Thu 18:21: 
     [java] Thu 18:21: FINAL RESOURCE USAGE
     [java] Thu 18:21: Logic utilization:       7759 / 297600 (2.61%)
     [java] Thu 18:21:   LUTs:                  6470 / 297600 (2.17%)
     [java] Thu 18:21:   Primary FFs:           5872 / 297600 (1.97%)
     [java] Thu 18:21:   Secondary FFs:         1666 / 297600 (0.56%)
     [java] Thu 18:21: Multipliers (25x18):        0 / 2016   (0.00%)
     [java] Thu 18:21:   DSP blocks:               0 / 2016   (0.00%)
     [java] Thu 18:21: Block memory (BRAM18):     32 / 2128   (1.50%)
     [java] Thu 18:21: 
     [java] Thu 18:21: MaxFile: /home/a1308699/projects/Assignment4/RunRules/DFE/maxfiles/Vectors_VECTIS_DFE/results/Vectors.max (MD5Sum: e4b445cfacb3f3c628ec7540447cc527)
     [java] Thu 18:21: Build completed: Thu Jun 28 18:21:05 CEST 2018 (took 37 mins, 1 sec)
     [exec] Current OS is Linux
     [exec] Executing '/opt/maxcompiler/lib/MaxIDE/copyBuildResults.sh' with arguments:
     [exec] '-p'
     [exec] 'DFE'
     [exec] 
     [exec] The ' characters around the executable and arguments are
     [exec] not part of the command.

runresult:
     [echo] Checking java run result: exit status = 0

all:

BUILD SUCCESSFUL
Total time: 37 minutes 3 seconds
make[2]: Leaving directory `/home/a1308699/projects/Assignment4/RunRules/DFE'
make[1]: Leaving directory `/home/a1308699/projects/Assignment4/RunRules/DFE'
make -f Makefile.rules build
make[1]: Entering directory `/home/a1308699/projects/Assignment4/CPUCode'
set -e; rm -f ../RunRules/DFE/objects/c/VectorsCpuCode.d ;                                                             \
	  cc -M -std=gnu99 -g -O3 -Wall -Wextra -I../RunRules/DFE/include  -I '/opt/maxcompiler/include/slic'  -Wno-error VectorsCpuCode.c > ../RunRules/DFE/objects/c/VectorsCpuCode.d.$$ ;                                 \
      sed 's,\(VectorsCpuCode\)\.o[ :]*,../RunRules/DFE/objects/c/\1.o ../RunRules/DFE/objects/c/VectorsCpuCode.d : ,g' < ../RunRules/DFE/objects/c/VectorsCpuCode.d.$$ > ../RunRules/DFE/objects/c/VectorsCpuCode.d; \
      rm -f ../RunRules/DFE/objects/c/VectorsCpuCode.d.$$
make[1]: Leaving directory `/home/a1308699/projects/Assignment4/CPUCode'
make[1]: Entering directory `/home/a1308699/projects/Assignment4/CPUCode'
"/opt/maxcompiler/bin/sliccompile" ../RunRules/DFE/maxfiles/Vectors.max ../RunRules/DFE/objects/maxfiles/slic_Vectors.o
Processing maxfile for VECTIS from '../RunRules/DFE/maxfiles/Vectors.max'.
/opt/maxcompiler/lib/clang/bin/start.sh clang -fgnu89-inline -pipe -O0 -std=gnu99 -Wall -Werror -frandom-seed=foo -Wno-unused-variable -Wno-unused-function -fPIC -I /opt/maxcompiler/include/slic -DMAXFILE_INC="/dev/null" -DSLIC_NO_DESTRUCTORS -c /tmp/sliccompile_8637783866354007679/cobject/max_351226829120884115.c -o /tmp/sliccompile_8637783866354007679/cobject/max_351226829120884115.c.o 
/opt/maxcompiler/lib/clang/bin/start.sh clang -fgnu89-inline -pipe -O0 -std=gnu99 -Wall -Werror -frandom-seed=foo -Wno-unused-variable -Wno-unused-function -fPIC -I /opt/maxcompiler/include/slic -DMAXFILE_INC="/home/a1308699/projects/Assignment4/CPUCode/../RunRules/DFE/maxfiles/Vectors.max" -DSLIC_NO_DESTRUCTORS -c /opt/maxcompiler/src/slicinterface/MaxFileInit.c -o max_9137498960679704838.o 
ld -r /tmp/sliccompile_8637783866354007679/cobject/max_351226829120884115.c.o max_9137498960679704838.o -o slic_Vectors.o 
Copying .max file C object into '/home/a1308699/projects/Assignment4/CPUCode/../RunRules/DFE/objects/maxfiles'
cc -std=gnu99 -g -O3 -Wall -Wextra -I../RunRules/DFE/include  -I '/opt/maxcompiler/include/slic'  -c VectorsCpuCode.c -o ../RunRules/DFE/objects/c/VectorsCpuCode.o
cc -std=gnu99 -g -O3 -Wall -Wextra -I../RunRules/DFE/include  -I '/opt/maxcompiler/include/slic'  -o ../RunRules/DFE/binaries/Vectors ../RunRules/DFE/objects/maxfiles/slic_Vectors.o ../RunRules/DFE/objects/c/VectorsCpuCode.o -g -O3  -L '/opt/maxcompiler/lib' -lslic -L '/opt/maxeler/maxeleros/lib' -lmaxeleros -lpthread -lm -lrt 
make[1]: Leaving directory `/home/a1308699/projects/Assignment4/CPUCode'
